Build started 25-Oct-14 00:12:58.
     1>Project "C:\Users\Anton\Documents\Visual Studio 2013\Projects\OOP Cplusplus\Stack with one link\Stack with one link.vcxproj" on node 2 (Build target(s)).
     1>ClCompile:
         C:\Program Files (x86)\Microsoft Visual Studio 12.0\VC\bin\CL.exe /c /ZI /nologo /W3 /WX- /Od /Oy- /D WIN32 /D _DEBUG /D _CONSOLE /D _LIB /D _UNICODE /D UNICODE /Gm /EHsc /RTC1 /MDd /GS /fp:precise /Zc:wchar_t /Zc:forScope /Fo"Debug\\" /Fd"Debug\vc120.pdb" /Gd /TP /analyze- /errorReport:prompt Stack.cpp
         Stack.cpp
     1>c:\users\anton\documents\visual studio 2013\projects\oop cplusplus\stack with one link\stack.cpp(46): error C2059: syntax error : '}'
     1>Done Building Project "C:\Users\Anton\Documents\Visual Studio 2013\Projects\OOP Cplusplus\Stack with one link\Stack with one link.vcxproj" (Build target(s)) -- FAILED.

Build FAILED.

Time Elapsed 00:00:00.62
